[    0.000000] Initializing cgroup subsys cpuset
[    0.000000] Initializing cgroup subsys cpu
[    0.000000] Initializg roupubs puacct
[    0.000000] Linux version 4.4.0-171-generic (buildd@lcy01-amd64-018) (gcc version 5.4.0 20160609 (Ubuntu 5.4.0-6ubuntu1~16.04.12) ) #200-Ubuntu SMP Tue Dec 3 11:04:55 UTC 2019 (Ubuntu 4.4.0-171.200-generic 4.4.203)
[    0.000000] Command line: BOOT_IMAGE=/boot/vmlinuz-4.4.0-171-generic root=LABEL=cloudimgrootfs ro coole=tty1 console=ttyS0
[    0.000000] KERNEL suppoed cpus:
[    0.000000]   Intel GenuineIntel
[    0.0000   AMD AuthenticAMD
[    0.000000]   Centaur CentaurHaul
[    0.000000] x86/fpu: xstate_offset[2]:  576, xstate_sizes[2]:  256
[    0.000000] x86/fpu: Supporting XSAVE feature 0x01: 'x87 floating point registers'
[    0.000000] x86/fpu: Supporting XSAVE feature 0x02: 'SSE registers'
[    0.000000] x86/fpu: Supporting XSAVE feature 0x04: 'AVX registers'
[    0.000000] x86/fpu: Enabled xstate features 0x7, context size is 832 bytes, using 'standard' format.
[    0.000000] e820: BIOS-provided physical RAM map:
[    0.000000] BIOS-e820: [mem 0x0000000000000000-0x000000000009fbff] usable
[    0.000000] BIOS-e820: [mem 0x00000000000900-0x000000000009ffff] reserved
[    0.000000] BIOS-e820: [mem 0x00000000000f0000-0x00000000000fffff] reserved
[    0.000000] BIOS-e820: [mem 0x0000000000100000-0x000000001ffeffff] usable
[    0.000000] BIOS-e820: [mem 0x000000001fff0000-0x000000001fffffff] ACPI data

[    0.000000] BIOS-e820: [mem 0x00000000fec00000-0x00000000fec00fff] reserved
[    0.000000] BIOS-e820: [mem 0x00000000fee00000-0x000000fee00fff] reserved
[    0.000000] BIOS-e820: [mem 0x00000000fffc0000-0x00000000ffffffff] reserved
[    0.000000] NX (Execute Disable) protection: active
[    0.000000] SMBIOS 2.5 present.
[    0.000000] Hypervisor detected: KVM
[    0.000000] e820: last_pfn = 0x1fff0 max_arch_pfn = 0x400000000
[    0.000000] MTRR: Disabled
[    0.000000] x86/PAT: MTRRs disabled, skipping PAT initialization too.
[    0.000000] CPU MTRRs all blank - virtualized system.
[    0.000000] x86/PAT: Configuration [0-7]: WB  WT  UC- UC  WB  WT  UC- UC  
[    0.000000] found SMP MP-table at [mem 0x0009fff0-0x0009ffff] mapped at [ffff88000009fff0]
[    0.000000] Scanning 1 areas for low memory corruption
[    0.000000] RAMDISK: [mem 0x1e888000-0x1f70efff]
[    0.000000] ACPI: Early table checksum verification disabled
[    0.000000] ACPI: RSDP 0x00000000000E0000 000024 (v02 VBOX  )
[    0.000000] ACPI: XSDT 0x000000001FFF0030 00003C (v01 VBOX   VBOXXSDT 00000001 ASL  00000061)
[    0.000000] ACPI: FACP 0x000000001FFF00F0 0000F4 (v04 VBOX   VBOXFACP 00000001 ASL  00000061)
[    0.000000] ACPI: DSDT 0x000000001FFF0470 0021FF (v02 VBOX   VBOXBIOS 00000002 INTL 20180105)
[    0.000000] ACPI: FACS 0x000000001FFF0200 000040
[    0.000000] ACPI: FACS 0x000000001FFF0200 000040
[    0.000000] ACPI: APIC 0x000000001FFF0240 00005C (v02 VBOX   VBOXAPIC 00000001 ASL  00000061)
[    0.000000] ACPI: SSDT 0x000000001FFF02A0 0001CC (v01 VBOX   VBOXCPUT 00000002 INTL 20180105)
[    0.000000] No NUMA configuration found
[    0.000000] Faking a node at [mem 0x0000000000000000-0x000000001ffeffff]
[    0.000000] NODE_DATA(0) allocated [mem 0x1ffeb000-0x1ffeffff]
[    0.000000] kvm-clock: Using msrs 4b564d01 and 4b564d00
[    0.000000] kvm-clock: cpu 0, msr 0:1ffe3001, primary cpu clock
[    0.000000] kvm-clock: using sched offset of 3332098513 cycles
[    0.000000] clocksource: kvm-clock: mask: 0xffffffffffffffff max_cycles: 0x1cd42e4dffb, max_idle_ns: 881590591483 ns
[    0.000000] Zone ranges:
[    0.000000]   DMA      [mem 0x0000000000001000-0x0000000000ffffff]
[    0.000000]   DMA32    [mem 0x0000000001000000-0x000000001ffeffff]
[    0.000000]   Normal   empty
[    0.000000]   Device   empty
[    0.000000] Movable zone start for each node
[    0.000000] Early memory node ranges
[    0.000000]   node   0: [mem 0x0000000000001000-0x000000000009efff]
[    0.000000]   node   0: [mem 0x0000000000100000-0x000000001ffeffff]
[    0.000000] Initmem setup node 0 [mem 0x0000000000001000-0x000000001ffeffff]
[    0.000000] ACPI: PM-Timer IO Port: 0x4008
[    0.000000] IOAPIC[0]: apic_id 2, version 32, address 0xfec00000, GSI 0-23
[    0.000000] ACPI: INT_SRC_OVR (bus 0 bus_irq 0 global_irq 2 dfl dfl)
[    0.000000] ACPI: INT_SRC_OVR (bus 0 bus_irq 9 global_irq 9 low level)
[    0.000000] Using ACP(MADT for SMP configuration information
[    0.000000] smpboot: Allowing 2 CPUs, 0 hotplug CPUs
[    0.000000] PM: Registered nosave memory: [mem 0x00000000-0x00000fff]
[    0.000000] PM: Registered nosave memory: [mem 0x0009f000-0x0009ffff]
[    0.000000] PM: Registered nosave memory: [mem 0x000a0000-0x000effff]
[    0.000000] PM: Registered nosave memory: [mem 0x000f0000-0x000fffff]
[    0.000000] e820: [mem 0x20000000-0xfebfffff] available for PCI devices
[    0.000000] Booting paravirtualized kernel on KVM
[    0.000000] clocksource: refined-jiffies: mask: 0xffffffff max_cycles: 0xffffffff, max_idle_ns: 7645519600211568 ns
[    0.000000] setup_percpu: NR_CPUS:512 nr_cpumask_bits:512 nr_cpu_ids:2 nr_node_ids:1
[    0.000000] PERCPU: Embedded 33 pages/cpu @ffff88001fc00000 s95448 r8192 d315228 u1048576
[  0.00000 Bilt zonelsts in Node order, mobility grouping on.  Total pages: 128888
[    0.000000] Policy zone: DMA32
[    0.000000] Kernel command line: BOOT_IMAGE=/boot/vmlinuz-4.4.0-171-generic root=LABEL=cloudimg-rootfs ro conoltty1 console=ttyS0
[  000000] PID hash table entries: 2048 (order: 2, 16384 bytes)
[    0.000000] Memory: 481600K/523832K available (8626K kernel code, 1336K rwdata, 4032K rodata, 1488K init, 1288K bss, 42232K reserved, 0K cma-reserved)
[    0.000000] SLUB: HWalign=64, Order=0-3, MinObjects=0, CPUs=2, Nodes=1
[    .000000] Kernel/User page tables isolation: enabled
[    0.000000] Hierarchical RCU implementation.
[    0.000000] 	Build-time adjustment of leaf fanout to 64.
[    0.000000] 	RCU restricting CPUs from NR_CPUS=512 to nr_cpu_ids=2.
[    0.000000] RCU: Adjusting geometry for rcu_fanout_leaf=64, nr_cpu_ids=2
[    0.000000] NR_IRQS:33024 nr_irqs:440 16
[    0.000000Console: colour VGA+ 80x25
[    0.000000] console [tty1] enabled
[    0.000000] console [ttyS0] enabled
[    0.000000] tsc: Detected 3695.998 MHz processor
[    0.850234] Calibrating delay loop (skipped) preset value.. 7391.99 BogoMIPS (lpj=14783992)
[    0.861194] pid_max: default: 32768 minimum: 301
[    0.862219] ACPI: Core revision 20150930
[    0.865865] ACPI: 2 ACPI AML tables successfully acquired and loaded
[    0.881338] Security Framework initialized
[    0.882107] Yama: becoming mindful.
[    0.882810] AppArmor: AppArmor initialized
[    0.883629] Dentry cache hash table entries: 65536 (order: 7, 524288 bytes)
[    0.893297] Inode-cache hash table entries: 32768 (order: 6, 262144 bytes)
[    0.894353] Mount-cache hash table entries: 1024 (order: 1, 8192 bytes)
[    0.895566] Mountpoint-cache hash table entries: 1024 (order: 1, 8192 bytes)
[    0.896947] Initializing cgroup subsys io
[    0.897755] Initializing cgroup subsys memory
[    0.898617] Initializing cgroup subsys devices
[    0.901324] Initializing cgroup subsys freezer
[    0.902004] Initializing cgroup subsys net_cls
[    0.902693] Initializing cgroup subsys perf_event
[    0.903412] Initializing cgroup subsys net_prio
[    0.904119] Initializing cgroup subsys hugetlb
[    0.904804] Initializing cgroup subsys pids
[    0.906402] mce: CPU supports 0 MCE banks
[    0.907061] Last level iTLB entries: 4KB 64, 2MB 8, 4MB 8
[    0.907859] Last level dTLB entries: 4KB 64, 2MB 0, 4MB 0, 1GB 4
[    0.908712] Spectre V1 : Mitigation: usercopy/swapgs barriers and __user pointer sanitization
[    0.910028] Spectre V2 : Mitigation: Full generic retpoline
[    0.916326] Spectre V2 : Spectre v2 / SpectreRSB mitigation: Filling RSB on context switch
[    0.921383] Speculative Store Bypass: Vulnerable
[    0.927638] MDS: Mitigation: Clear CPU buffers
[    0.936260] Freeing SMP alternatives memory: 36K
[    0.946371] ftrace: allocating 32302 entries in 127 pages
[    0.990531] smpboot: APIC(0) Converting physical 0 to logical package 0
[    0.991673] smpboot: Max logical packages: 1
[    0.992646] x2apic enabled
[    0.993395] Switched APIC routing to physical x2apic.
[    0.995196] ..TIMER: vector=0x30 apic1=0 pin1=2 apic2=-1 pin2=-1
[    1.104299] smpboot: CPU0: Intel(R) Core(TM) i3-6100 CPU @ 3.70GHz (family: 0x6, model: 0x5e, stepping: 0x3)
[    1.122234] Performance Events: unsupported p6 CPU model 94 no PMU driver, software events only.
[    1.132037] KVM setup paravirtual spinlock
[    1.133389] x86: Booting SMP configuration:
[    1.134160] .... node  #0, CPUs:      #1
[    1.134969] kvm-clock: cpu 1, msr 0:1ffe3041, secondary cpu clock
[    1.136785] mce: CPU supports 0 MCE banks
[    1.139351] x86: Booted up 1 node, 2 CPUs
[    1.140239] smpboot: Total of 2 processors activated (14783.99 BogoMIPS)
[    1.147784] devtmpfs: initialized
[    1.157224] evm: security.selinux
[    1.158003] evm: security.SMACK64
[    1.158751] evm: security.SMACK64EXEC
[    1.159509] evm: security.SMACK64TRANSMUTE
[    1.160379] evm: security.SMACK64MMAP
[    1.161152] evm: security.ima
[    1.161794] evm: security.capability
[    1.162593] clocksource: jiffies: mask: 0xffffffff max_cycles: 0xffffffff, max_idle_ns: 7645041785100000 ns
[    1.164034] futex hash table entries: 512 (order: 3, 32768 bytes)
[    1.165005] pinctrl core: initialized pinctrl subsystem
[    1.165867] RTC time: 18:08:57, date: 01/28/20
[    1.166692] NET: Registered protocol family 16
[    1.177141] cpuidle: using governor ladder
[    1.189938] cpuidle: using governor menu
[    1.216861] PCCT header not found.
[    1.217712] ACPI: bus type PCI registered
[    1.223992] acpiphp: ACPI Hot Plug PCI Controller Driver version: 0.5
[    1.231119] PCI: Using configuration type 1 for base access
[    1.265874] ACPI: Added _OSI(Module Device)
[    1.272447] ACPI: Added _OSI(Processor Device)
[    1.273828] ACPI: Added _OSI(3.0 _SCP Extensions)
[    1.291970] ACPI: Added _OSI(Processor Aggregator Device)
[    1.303889] ACPI: Executed 1 blocks of module-level executable AML code
[    1.317237] ACPI: Interpreter enabled
[    1.317952] ACPI: (supports S0 S5)
[    1.318615] ACPI: Using IOAPIC for interrupt routing
[    1.319604] PCI: Using host bridge windows from ACPI; if necessary, use "pci=nocrs" and report a bug
[    1.323774] ACPI: PCI Root Bridge [PCI0] (domain 0000 [bus 00-ff])
[    1.324827] acpi PNP0A03:00: _OSC: OS supports [ASPM ClockPM Segments MSI]
[    1.325987] acpi PNP0A03:00: _OSC: not requesting OS control; OS requires [ExtendedConfig ASPM ClockPM MSI]
[    1.329148] acpi PNP0A03:00: fail to add MMCONFIG information, can't access extended PCI configuration space under this bridge.
[    1.354080] PCI host bridge to bus 0000:00
[    1.361945] pci_bus 0000:00: root bus resource [io  0x0000-0x0cf7 window]
[    1.372568] pci_bus 0000:00: root bus resource [io  0x0d00-0xffff window]
[    1.385892] pci_bus 0000:00: root bus resource [mem 0x000a0000-0x000bffff window]
[    1.420392] pci_bus 0000:00: root bus resource [mem 0x20000000-0xfdffffff window]
[    1.433510] pci_bus 0000:00: root bus resource [bus 00-ff]
[    1.436435] pci 0000:00:01.1: legacy IDE quirk: reg 0x10: [io  0x01f0-0x01f7]
[    1.464387] pci 0000:00:01.1: legacy IDE quirk: reg 0x14: [io  0x03f6]
[    1.465486] pci 0000:00:01.1: legacy IDE quirk: reg 0x18: [io  0x0170-0x0177]
[    1.466683] pci 0000:00:01.1: legacy IDE quirk: reg 0x1c: [io  0x0376]
[    1.484428] pci 0000:00:07.0: quirk: [io  0x4000-0x403f] claimed by PIIX4 ACPI
[    1.501751] pci 0000:00:07.0: quirk: [io  0x4100-0x410f] claimed by PIIX4 SMB
[    1.514749] ACPI: PCI Interrupt Link [LNKA] (IRQs 5 9 10 *11)
[    1.532574] ACPI: PCI Interrupt Link [LNKB] (IRQs 5 9 *10 11)
[    1.534156] ACPI: PCI Interrupt Link [LNKC] (IRQs 5 *9 10 11)
[    1.535684] ACPI: PCI Interrupt Link [LNKD] (IRQs 5 9 10 *11)
[    1.537238] ACPI: Enabled 2 GPEs in block 00 to 07
[    1.544335] vgaarb: setting as boot device: PCI:0000:00:02.0
[    1.545313] vgaarb: device added: PCI:0000:00:02.0,decodes=io+mem,owns=io+mem,locks=none
[    1.552292] vgaarb: loaded
[    1.552927] vgaarb: bridge control possible 0000:00:02.0
[    1.554202] SCSI subsystem initialized
[    1.561797] ACPI: bus type USB registered
[    1.569325] usbcore: registered new interface driver usbfs
[    1.583737] usbcore: registered new interface driver hub
[    1.584790] usbcore: registered new device driver usb
[    1.585990] PCI: Using ACPI for IRQ routing
[    1.587079] NetLabel: Initializing
[    1.587799] NetLabel:  domain hash size = 128
[    1.588672] NetLabel:  protocols = UNLABELED CIPSOv4
[    1.604021] NetLabel:  unlabeled traffic allowed by default
[    1.610495] amd_nb: Cannot enumerate AMD northbridges
[    1.616845] clocksource: Switched to clocksource kvm-clock
[    1.628743] AppArmor: AppArmor Filesystem Enabled
[    1.629764] pnp: PnP ACPI init
[    1.63109] pnp: PnP ACPI: found 3 devices
[    1.667642] clksource: acpi_p mask: 0xffffff max_cycles: 0xffffff, max_idle_ns: 2085701024 ns
[    1.762890] NET: Registered protocol family 2

[    1.763872] TCP established hash table entries: 4096 (order: 3, 32768 bytes)
[    1.771005] TCP bind hash table entries: 4096 (order: 4, 65536 bytes)
[    1.780358] TCP: Hash tabls configured (established 4096 bind 4096)
[    1.805010] UDP hash table entries: 256 (order: 1, 8192 bytes)
[    1.806021] UDP-Lite hash table entries: 256 (order: 1, 8192 bytes)
[    1.807201] NET: Registered protocol family 1
[    1.808007] pci 0000:00:00.0: Limiting direct PCI/PCI transfers
[    1.809034] pci 0000:00:01.0: ActivtingSA DMA hang workarounds
[   .874947] Unpacking initramfs...

[    2.126920] Freeing initrd memory: 14876K
[    2.201095] clocksource: tsc: mask: 0xffffffffffffffff max_cycles: 0x6a8d2284b57, max_idle_ns: 881590451434 ns
[    2.240686] platform rtc_cmos: registered platform RTC device (no PNP device found)
[    2.280442] Scanning for low memory corruption every 60 seconds
[    2.290664] audit: initializing netlink subsys (disabled)
[    2.300556] audit: type=2000 audit(1580234942.025:1): initialized
[    2.307526] Initialise system trusted keyring
[    2.308585] HugeTLB registered 2 MB page size, pre-allocated 0 pages
[    2.310782] zbud: loaded
[    2.315341] VFS: Disk quotas dquot_6.6.0
[    2.316213] VFS: Dquot-cache hash table entries: 512 (order 0, 4096 bytes)
[    2.317767] squashfs: version 4.0 (2009/01/31) Phillip Lougher
[    2.319989] fuse init (API version 7.23)
[    2.321788] Key type big_key registered
[    2.322854] Allocating IMA MOK and blacklist keyrings.
[    2.325022] Key type asymmetric registered
[    2.340197] Asymmetric key parser 'x509' registered
[    2.516290] Block layer SCSI generic (bsg) driver version 0.4 loaded (major 249)
[    2.520087] io scheduler noop registered
[    2.522688] io scheduler deadline registered (default)
[    2.524904] io scheduler cfq registered
[    2.526615] pci_hotplug: PCI Hot Plug PCI Core version: 0.5
[    2.530692] pciehp: PCI Express Hot Plug Controller Driver version: 0.4
[    2.568169] ACPI: AC Adapter [AC] (on-line)
[    2.569229] input: Power Button as /devices/LNXSYSTM:00/LNXPWRBN:00/input/input0
[    2.575935] ACPI: Power Button [PWRF]
[    2.576850] input: Sleep Button as /devices/LNXSYSTM:00/LNXSLPBN:00/input/input1
[    2.578534] ACPI: Sleep Button [SLPF]
[    2.610430] GHES: HEST is not enabled!
[    2.620386] Serial: 8250/16550 driver, 32 ports, IRQ sharing enabled
[    2.648616] 00:02: ttyS0 at I/O 0x3f8 (irq = 4, base_baud = 115200) is a 16550A
[    2.661358] Linux agpgart interface v0.103
[    2.663376] loop: module loaded
[    2.664479] scsi host0: ata_piix
[    2.670640] scsi host1: ata_piix
[    2.674841] ata1: PATA max UDMA/33 cmd 0x1f0 ctl 0x3f6 bmdma 0xd000 irq 14
[    2.675960] ata2: PATA max UDMA/33 cmd 0x170 ctl 0x376 bmdma 0xd008 irq 15
[    2.677207] libphy: Fixed MDIO Bus: probed
[    2.691985] tun: Universal TUN/TAP device driver, 1.6
[    2.693792] tun: (C) 1999-2004 Max Krasnyansky <maxk@qualcomm.com>
[    2.695110] PPP generic driver version 2.4.2
[    2.695940] ehci_hcd: USB 2.0 'Enhanced' Host Controller (EHCI) Driver
[    2.697007] ehci-pci: EHCI PCI platform driver
[    2.697825] ehci-platform: EHCI generic platform driver
[    2.698724] ohci_hcd: USB 1.1 'Open' Host Controller (OHCI) Driver
[    2.699758] ohci-pci: OHCI PCI platform driver
[    2.700555] ohci-platform: OHCI generic platform driver
[    2.720281] uhci_hcd: USB Universal Host Controller Interface driver
[    2.721437] i8042: PNP: PS/2 Controller [PNP0303:PS2K,PNP0f03:PS2M] at 0x60,0x64 irq 1,12
[    2.723287] serio: i8042 KBD port at 0x60,0x64 irq 1
[    2.724168] serio: i8042 AUX port at 0x60,0x64 irq 12
[    2.760445] mousedev: PS/2 mouse device common for all mice
[    2.779286] input: AT Translated Set 2 keyboard as /devices/platform/i8042/serio0/input/input2
[    2.791709] rtc_cmos rtc_cmos: rtc core: registered rtc_cmos as rtc0
[    2.792802] rtc_cmos rtc_cmos: alarms up to one day, 114 bytes nvram
[    2.793986] i2c /dev entries driver
[    2.820358] device-mapper: uevent: version 1.0.3
[    2.841289] device-mapper: ioctl: 4.34.0-ioctl (2015-10-28) initialised: dm-devel@redhat.com
[    2.911036] ledtrig-cpu: registered to indicate activity on CPUs
[    2.960342] NET: Registered protocol family 10
[    2.961846] NET: Registered protocol family 17
[    2.990515] Key type dns_resolver registered
[    3.014341] registered taskstats version 1
[    3.015407] Loading compiled-in X.509 certificates
[    3.017092] Loaded X.509 cert 'Build time autogenerated kernel key: e951a32ceec0422669d36e9913b2c7dea5e0a587'
[    3.041122] zswap: loaded using pool lzo/zbud
[    3.141692] Key type trusted registered
[    3.233146] Key type encrypted registered
[    3.233934] AppArmor: AppArmor sha1 policy hashing enabled
[    3.234890] ima: No TPM chip found, activating TPM-bypass!
[    3.235847] ima: Allocated hash algorithm: sha1
[    3.236691] evm: HMAC attrs: 0x1
[    3.240546]   Magic number: 4:49:141
[    3.241331] rtc_cmos rtc_cmos: setting system clock to 2020-01-28 18:08:59 UTC (1580234939)
[    3.242908] BIOS EDD facility v0.16 2004-Jun-25, 0 devices found
[    3.243947] EDD information not available.
[    3.245747] Freeing unused kernel memory: 1488K
[    3.256958] Write protecting the kernel read-only data: 14336k
[    3.280636] Freeing unused kernel memory: 1604K
[    3.300507] Freeing unused kernel memory: 64K
Loading, please wait...
starting version 229
[    3.313238] random: systemd-udevd: uninitialized urandom read (16 bytes read, 3 bits of entropy available)
[    3.314078] random: udevadm: uninitialized urandom read (16 bytes read, 3 bits of entropy available)
[    3.314100] random: udevadm: uninitialized urandom read (16 bytes read, 3 bits of entropy available)
[    3.323613] random: udevadm: uninitialized urandom read (16 bytes read, 3 bits of entropy available)
[    3.323656] random: udevadm: uninitialized urandom read (16 bytes read, 3 bits of entropy available)
[    3.323781] random: udevadm: uninitialized urandom read (16 bytes read, 3 bits of entropy available)
[    3.323828] random: udevadm: uninitialized urandom read (16 bytes read, 3 bits of entropy available)
[    3.323872] random: udevadm: uninitialized urandom read (16 bytes read, 3 bits of entropy available)
[    3.323917] random: udevadm: uninitialized urandom read (16 bytes read, 3 bits of entropy available)
[    3.323959] random: udevadm: uninitialized urandom read (16 bytes read, 3 bits of entropy available)
[    3.938957] e1000: Intel(R) PRO/1000 Network Driver - version 7.3.21-k8-NAPI
[    3.941347] e1000: Copyright (c) 1999-2006 Intel Corporation.
[    3.957909] Fusion MPT base driver 3.04.20
[    3.959814] Copyright (c) 1999-2008 LSI Corporation
[    3.967824] AVX2 version of gcm_enc/dec engaged.
[    3.969801] AES CTR mode by8 optimization enabled
[    3.985221] Fusion MPT SPI Host driver 3.04.20
[    4.150019] input: ImExPS/2 Generic Explorer Mouse as /devices/platform/i8042/serio1/input/input4
[    4.333285] e1000 0000:00:03.0 eth0: (PCI:33MHz:32-bit) 02:dd:a3:75:e5:c1
[    4.436022] e1000 0000:00:03.0 eth0: Intel(R) PRO/1000 Network Connection
[    4.904665] e1000 0000:00:08.0 eth1: (PCI:33MHz:32-bit) 08:00:27:45:7e:9b
[    4.906259] e1000 0000:00:08.0 eth1: Intel(R) PRO/1000 Network Connection
[    4.908703] e1000 0000:00:08.0 enp0s8: renamed from eth1
[    4.909714] mptbase: ioc0: Initiating bringup
[    4.921039] e1000 0000:00:03.0 enp0s3: renamed from eth0
[    4.989814] ioc0: LSI53C1030 A0: Capabilities={Initiator}
[    5.700641] scsi host2: ioc0: LSI53C1030 A0, FwRev=00000000h, Ports=1, MaxQ=256, IRQ=20
[    5.839973] scsi 2:0:0:0: Direct-Access     VBOX     HARDDISK         1.0  PQ: 0 ANSI: 5
[    5.842136] scsi target2:0:0: Beginning Domain Validation
[    5.844423] scsi target2:0:0: Domain Validation skipping write tests
[    5.851322] scsi target2:0:0: Ending Domain Validation
[    6.240040] scsi target2:0:0: asynchronous
[    6.241320] scsi 2:0:1:0: Direct-Access     VBOX     HARDDISK         1.0  PQ: 0 ANSI: 5
[    6.242987] scsi target2:0:1: Beginning Domain Validation
[    6.244644] scsi target2:0:1: Domain Validation skipping write tests
[    6.253196] scsi target2:0:1: Ending Domain Validation
[    6.260806] scsi target2:0:1: asynchronous
[    6.271708] sd 2:0:0:0: [sda] 20971520 512-byte logical blocks: (10.7 GB/10.0 GiB)
[    6.271740] sd 2:0:0:0: Attached scsi generic sg0 type 0
[    6.272255] sd 2:0:1:0: Attached scsi generic sg1 type 0
[    6.278576] sd 2:0:1:0: [sdb] 20480 512-byte logical blocks: (10.5 MB/10.0 MiB)
[    6.278806] sd 2:0:1:0: [sdb] Write Protect is off
[    6.278932] sd 2:0:1:0: [sdb] Incomplete mode parameter data
[    6.278934] sd 2:0:1:0: [sdb] Assuming drive cache: write through
[    6.290281] sd 2:0:0:0: [sda] Write Protect is off
[    6.291249] sd 2:0:0:0: [sda] Incomplete mode parameter data
[    6.292206] sd 2:0:0:0: [sda] Assuming drive cache: write through
[    6.314819]  sda: sda1
[    6.315802] sd 2:0:1:0: [sdb] Attached SCSI disk
[    6.413647] sd 2:0:0:0: [sda] Attached SCSI disk
Begin: Loading essential drivers ... [    7.747879] md: linear personality registered for level -1
[    7.756878] md: multipath personality registered for level -4
[    7.761898] md: raid0 personality registered for level 0
[    7.766599] md: raid1 personality registered for level 1
[    7.844894] raid6: sse2x1   gen() 10282 MB/s
[    7.920896] raid6: sse2x1   xor()  8303 MB/s
[    7.988896] raid6: sse2x2   gen() 10277 MB/s
[    8.064927] raid6: sse2x2   xor()  6864 MB/s
[    8.136901] raid6: sse2x4   gen() 11710 MB/s
[    8.208898] raid6: sse2x4   xor()  7019 MB/s
[    8.284916] raid6: avx2x1   gen() 19088 MB/s
[    8.352894] raid6: avx2x2   gen() 24266 MB/s
[    8.420903] raid6: avx2x4   gen() 30073 MB/s
[    8.427032] raid6: using algorithm avx2x4 gen() 30073 MB/s
[    8.438542] raid6: using avx2x2 recovery algorithm
[    8.449757] xor: automatically using best checksumming function:
[    8.529101]    avx       : 26004.000 MB/sec
[    8.531808] async_tx: api initialized (async)
[    8.543998] md: raid6 personality registered for level 6
[    8.546342] md: raid5 personality registered for level 5
[    8.548310] md: raid4 personality registered for level 4
[    8.556433] md: raid10 personality registered for level 10
done.
Begin: Running /scripts/init-premount ... done.
Begin: Mounting root file system ... Begin: Running /scripts/local-top ... done.
Begin: Running /scripts/local-premount ... [    8.604257] Btrfs loaded
Scanning for Btrfs filesystems
done.
Warning: fsck not present, so skipping root file system
[    8.639940] EXT4-fs (sda1): INFO: recovery required on readonly filesystem
[    8.646247] EXT4-fs (sda1): write access will be enabled during recovery
[    8.780106] EXT4-fs (sda1): recovery complete
[    8.790358] EXT4-fs (sda1): mounted filesystem with ordered data mode. Opts: (null)
done.
Begin: Running /scripts/local-bottom ... done.
Begin: Running /scripts/init-bottom ... done.
[    9.359169] systemd[1]: systemd 229 running in system mode. (+PAM +AUDIT +SELINUX +IMA +APPARMOR +SMACK +SYSVINIT +UTMP +LIBCRYPTSETUP +GCRYPT +GNUTLS +ACL +XZ -LZ4 +SECCOMP +BLKID +ELFUTILS +KMOD -IDN)
[    9.371761] systemd[1]: Detected virtualization oracle.
[    9.381536] systemd[1]: Detected architecture x86-64.

Welcome to [1mUbuntu 16.04.6 LTS[0m!

[    9.413151] systemd[1]: Set hostname to <appserver>.
[    9.590856] random: nonblocking pool is initialized
[    9.881295] systemd[1]: Listening on udev Control Socket.
[[0;32m  OK  [0m] Listening on udev Control Socket.
[    9.902385] systemd[1]: Reached target Encrypted Volumes.
[[0;32m  OK  [0m] Reached target Encrypted Volumes.
[    9.921222] systemd[1]: Set up automount Arbitrary Executable File Formats File System Automount Point.
[[0;32m  OK  [0m] Set up automount Arbitrary Executab...ats File System Automount Point.
[    9.930444] systemd[1]: Listening on Syslog Socket.
[[0;32m  OK  [0m] Listening on Syslog Socket.
[   10.096772] systemd[1]: Listening on /dev/initctl Compatibility Named Pipe.
[[0;32m  OK  [0m] Listening on /dev/initctl Compatibility Named Pipe.
[   10.157194] systmmd[1]: Listening on udev Kernel Socket.
[[0;32m  OK  [0m] Listening on udev Kernel Socket.
[   10.509137] systemd[1]: Reached target User and Group Name Lookups.
[[0;32m  OK  [0m] Reached target User and Group Name Lookups.
[   10.566595] systemd[1]: Listening on Journal Audit Socket.
[[0;32m  OK  [0m] Listening on Journal Audit Socket.
[   10.591743] systemd[1]: Listening on LVM2 poll daemon socket.
[[0;32m  OK  [0m] Listening on LVM2 poll daemon socket.
[   10.621193] systemd[1]: Listening on Journal Socket.
[[0;32m  OK  [0m] Listening on Journal Socket.
[   10.659448] systemd[1]: Listening on Device-mapper event daemon FIFOs.
[[0;32m  OK  [0m] Listening on Device-mapper event daemon FIFOs.
[   10.662387] systemd[1]: Reached target System Time Synchronized.
[[0;32m  OK  [0m] Reached target System Time Synchronized.
[   10.784894] systemd[1]: Reached target Swap.
[[0;32m  OK  [0m] Reached target Swap.
[   10.787215] systemd[1]: Listening on Journal Socket (/dev/log).
[[0;32m  OK  [0m] Listening on Journal Socket (/dev/log).
[   10.790086] systemd[1]: Started Trigger resolvconf update for networkd DNS.
[[0;32m  OK  [0m] Started Trigger resolvconf update for networkd DNS.
[   10.841733] systemd[1]: Created slice System Slice.
[[0;32m  OK  [0m] Created slice System Slice.
[   10.901082] systemd[1]: Starting Nameserver information manager...
         Starting Nameserver information manager...
[   10.913374] systemd[1]: Starting Uncomplicated firewall...
         Starting Uncomplicated firewall...
[   10.917210] systemd[1]: Created slice system-serial\x2dgetty.slice.
[[0;32m  OK  [0m] Created slice system-serial\x2dgetty.slice.
[   10.949301] systemd[1]: Mounting POSIX Message Queue File System...
         Mounting POSIX Message Queue File System...
[   10.970534] systemd[1]: Starting Remount Root and Kernel File Systems...
         Starting Remount Root and Kernel File Systems...
[   11.005483] EXT4-fs (sda1): re-mounted. Opts: (null)
[   11.041381] systemd[1]: Starting Journal Service...
         Starting Journal Service...
[   11.068833] systemd[1]: Mounting Debug File System...
         Mounting Debug File System...
[   11.117378] systemd[1]: Starting Load Kernel Modules...
         Starting Load Kernel Modules...
[   11.157383] systemd[1]: Starting Create list of required static device nodes for the current kernel...
         Starting Create list of required st... nodes for the current kernel...
[   11.197041] systemd[1]: Mounting Huge Pages File System...
[   11.228968] Loading iSCSI transport class v2.0-870.
         Mounting Huge Pages File System...
[   11.236001] systemd[1]: Created slice User and Session Slice.
[[0;32m  OK  [0m] Created slice User and Session Slice.
[   11.238725] systemd[1]: Reached target Slices.
[[0;32m  OK  [0m] Reached target Slices.
[   11.250667] systemd[1]: Starting Set console keymap...
         Starting Set console keymap...
[   11.281104] systemd[1]: Started Forward Password Requests to Wall Directory Watch.
[[0;32m  OK  [0m] Started Forward Password Requests to Wall Directory Watch.
[   11.288856] systemd[1]: Listening on LVM2 metadata daemon socket.
[[0;32m  OK  [0m] Listening on LVM2 metadata daemon socket.
[   11.291529] systemd[1]: Starting Monitoring of LVM2 mirrors, snapshots etc. using dmeventd or progress polling...
         Starting Monitoring of LVM2 mirrors... dmeventd or progress polling...
[   11.305545] systemd[1]: Mounted POSIX Message Queue File System.
[[0;32m  OK  [[   11.309897] iscsi: registered transport (tcp)
0m] Mounted POSIX Message Queue File System.
[   11.323352] systemd[1]: Mounted Huge Pages File System.
[[0;32m  OK  [0m] Mounted Huge Pages File System.
[   11.325911] systemd[1]: Mounted Debug File System.
[[0;32m  OK  [0m] Mounted Debug File System.
[   11.337006] systemd[1]: Started Journal Service.
[[0;32m  OK  [0m] Started Journal Service.
[[0;32m  OK  [0m] Started Uncomplicated firewall.
[[0;32m  OK  [0m] Started Remount Root and Kernel File Systems.
[[0;32m  OK  [0m] Started Create list of required sta...ce nodes for the current kernel.
[[0;32m  OK  [0m] Started Nameserver information manager.
[[0;32m  OK  [0m] Started Set console keymap.
         Starting Create Static Device Nodes in /dev...
[   11.483659] iscsi: registered transport (iser)
         Starting udev Coldplug all Devices...
         Starting Load/Save Random Seed...
         Starting Flush Journal to Persistent Storage...
[[0;32m  OK  [0m] Started Load Kernel Modules.
[[0;32m  OK  [0m] Started LVM2 metadata daemon.
         Mounting FUSE Control File System...
         Starting Apply Kernel Variables...
[[0;32m  OK  [0m] Mounted FUSE Control File System.
[   11.573963] systemd-journald[381]: Received request to flush runtime journal from PID 1
[[0;32m  OK  [0m] Started udev Coldplug all Devices.
[[0;32m  OK  [0m] Started Flush Journal to Persistent Storage.
[[0;32m  OK  [0m] Started Load/Save Random Seed.
[[0;32m  OK  [0m] Started Apply Kernel Variables.
[[0;32m  OK  [0m] Started Create Static Device Nodes in /dev.
         Starting udev Kernel Device Manager...
[[0;32m  OK  [0m] Started Monitoring of LVM2 mirrors,...ng dmeventd or progress polling.
[[0;32m  OK  [0m] Reached target Local File Systems (Pre).
[[0;32m  OK  [0m] Reached target Local File Systems.
         Starting Create Volatile Files and Directories...
         Starting Initial cloud-init job (pre-networking)...
         Starting LSB: AppArmor initialization...
         Starting Set console font and keymap...
         Starting Tell Plymouth To Write Out Runtime Data...
[[0;32m  OK  [0m] Started Create Volatile Files and Directories.
         Starting Update UTMP about System Boot/Shutdown...
[[0;32m  OK  [0m] Started udev Kernel Device Manager.
[[0;32m  OK  [0m] Started Tell Plymouth To Write Out Runtime Data.
[[0;32m  OK  [0m] Started Dispatch Password Requests to Console Directory Watch.
[[0;32m  OK  [0m] Started Update UTMP about System Boot/Shutdown.
[[0;32m  OK  [0m] Found device /dev/ttyS0.
[[0;32m  OK  [0m] Listening on Load/Save RF Kill Switch Status /dev/rfkill Watch.
[[0;32m  OK  [0m] Found device 82540EM Gigabit Ethern...r (PRO/1000 MT Desktop Adapter).
[[0;32m  OK  [0m] Found device 82540EM Gigabit Ethern...r (PRO/1000 MT Desktop Adapter).
[[0;32m  OK  [0m] Started LSB: AppArmor initialization.
[[0;32m  OK  [0m] Started Set console font and keymap.
[[0;32m  OK  [0m] Created slice system-getty.slice.
[   15.379070] cloud-init[468]: Cloud-init v. 19.3-41-gc4735dd3-0ubuntu1~16.04.1 running 'init-local' at Tue, 28 Jan 2020 18:09:12 +0000. Up 14.61 seconds.
[[0;32m  OK  [0m] Started Initial cloud-init job (pre-networking).
[[0;32m  OK  [0m] Reached target Network (Pre).
         Starting Raise network interfaces...
[[0;32m  OK  [0m] Started ifup for enp0s8.
[[0;32m  OK  [0m] Started ifup for enp0s3.
[[0;32m  OK  [0m] Started Raise network interfaces.
[[0;32m  OK  [0m] Reached target Network.
         Starting Initial cloud-init job (metadata service crawler)...
[   16.624748] cloud-init[1075]: Cloud-init v. 19.3-41-gc4735dd3-0ubuntu1~16.04.1 running 'init' at Tue, 28 Jan 2020 18:09:13 +0000. Up 16.27 seconds.
[   16.663734] cloud-init[1075]: ci-info: ++++++++++++++++++++++++++++++++++++++Net device info+++++++++++++++++++++++++++++++++++++++
[   16.667611] cloud-init[1075]: ci-info: +--------+------+-----------------------------+---------------+--------+-------------------+
[   16.683944] cloud-init[1075]: ci-info: | Device |  Up  |           Address           |      Mask     | Scope  |     Hw-Address    |
[   16.704775] [cloud-init[0;32m  OK  [0m[1075]: ] ci-info: +--------+------+-----------------------------+---------------+--------+-------------------+Started Initial cloud-init job (metadata service crawler).

[   16.772244] [[0;32m  OK  [0m] Reached target Network is Online.
cloud-init[1075]: ci-info: | enp0s3 | True |          10.0.2.15          | 255.255.255.0 | global | 02:dd:a3:75:e5:c1 |
[   16.798410]          cloud-initStarting iSCSI initiator daemon (iscsid)...[1075]: 
ci-info: | enp0s3 | True |  fe80::dd:a3ff:fe75:e5c1/64 |       .       |  link  | 02:dd:a3:75:e5:c1 |
[   16.826588] [[0;32m  OK  [0m] Reached target System Initialization.
cloud-init[1075]: ci-info: | enp0s8 | True |         10.10.10.20         | 255.255.255.0 | global | 08:00:27:45:7e:9b |
[   16.848384] [cloud-init[0;32m  OK  [0m[1075]: ] ci-info: | enp0s8 | True | fe80::a00:27ff:fe45:7e9b/64 |       .       |  link  | 08:00:27:45:7e:9b |Started ACPI Events Check.

[   16.866347] [[0;32m  OK  [0m] Reached target Paths.
cloud-init[1075]: ci-info: |   lo   | True |          127.0.0.1          |   255.0.0.0   |  host  |         .         |
[   16.896190] cloud-init[1075]: ci-info: |   lo   | True |           ::1/128           |       .       |  host  |         .         |
[   16.898663] cloud-init[1075]: ci-info: +--------+------+-----------------------------+---------------+--------+-------------------+
[   16.901254] [[0;32m  OK  [0m] Started Daily apt download activities.
cloud-init[1075]: ci-info: +++++++++++++++++++++++++++Route IPv4 info++++++++++++++++++++++++++++
[   17.011056]          Starting Socket activation for snappy daemon.
cloud-init[1075]: ci-info: +-------+-------------+----------+---------------+-----------+-------+
[   17.024718] cloud-init[1075]: ci-info: | Route | Destination | Gateway  |    Genmask    | Interface | Flags |
[   17.027094] cloud-init[1075]: ci-info: +-------+-------------+----------+---------------+-----------+-------+
[   17.029531]          Starting LXD - unix socket.
[[0;32m  OK  [0m] Started Daily Cleanup of Temporary Directories.
[[0;32m  OK  [0m] Started Daily apt upgrade and clean activities.
cloud-init[1075]: ci-info: |   0   |   0.0.0.0   | 10.0.2.2 |    0.0.0.0    |   enp0s3  |   UG  |
[   17.062924] [[0;32m  OK  [0m] Listening on D-Bus System Message Bus Socket.
[[0;32m  OK  [0m] Started Message of the Day.
[[0;32m  OK  [0m] Listening on UUID daemon activation socket.
[[0;32m  OK  [0m] Listening on ACPID Listen Socket.
[[0;32m  OK  [0m] Reached target Timers.
[[0;32m  OK  [0m] Reached target Cloud-config availability.
cloud-init[1075]: ci-info: |   1   |   10.0.2.0  | 0.0.0.0  | 255.255.255.0 |   enp0s3  |   U   |
[   17.092278] [cloud-init[0;32m  OK  [0m[1075]: ] ci-info: |   2   |  10.10.10.0 | 0.0.0.0  | 255.255.255.0 |   enp0s8  |   U   |Listening on Socket activation for snappy daemon.

[[0;32m  OK  [0m] Listening on LXD - unix socket.
[[0;32m  OK  [0m] Started iSCSI initiator daemon (iscsid).
[   17.092790] cloud-init[1075]: ci-info: +-------+-------------+----------+---------------+-----------+-------+
[   17.144636]          Starting Login to default iSCSI targets...
[[0;32m  OK  [0m] Reached target Sockets.
cloud-init[1075]: ci-info: +++++++++++++++++++Route IPv6 info+++++++++++++++++++
[   17.171584] [[0;32m  OK  [0m] Reached target Basic System.
cloud-init[1075]: ci-info: +-------+-------------+---------+-----------+-------+
[   17.212033]          Starting A high performance web server and a reverse proxy server...
cloud-init[1075]: ci-info: | Route | Destination | Gateway | Interface | Flags |
[   17.227749]          Starting Login Service...
cloud-init[1075]: ci-info: +-------+-------------+---------+-----------+-------+
[   17.249476]          Starting LSB: Record successful boot for GRUB...
cloud-init[1075]: ci-info: |   0   |  fe80::/64  |    ::   |   enp0s8  |   U   |         
Starting LSB: MD monitoring daemon...
[   17.251029] cloud-init[1075]: ci-info: |   1   |  fe80::/64  |    ::   |   enp0s3  |   U   |
[   17.404415] [cloud-init[0;32m  OK  [0m[1075]: ] ci-info: |   4   |   ff00::/8  |    ::   |   enp0s8  |   U   |Started Deferred execution scheduler.

         Starting LXD - container startup/shutdown...
[   17.419991] cloud-init[1075]: ci-info: |   5   |   ff00::/8  |    ::   |   enp0s3  |   U   |
[   17.449626] cloud-init[1075]: ci-info: +-------+-------------+---------+-----------+-------+
[[0;32m  OK  [0m] Started Regular background program processing daemon.
         Starting Virtualbox guest utils...
         Starting Message of the Day...
         Starting Accounts Service...
         Starting System Logging Service...
[[0;32m  OK  [0m] Started ACPI event daemon.
         Starting /etc/rc.local Compatibility...
         Starting OpenBSD Secure Shell server...
[[0;32m  OK  [0m] Started D-Bus System Message Bus.
         Starting Snappy daemon...
[[0;32m  OK  [0m] Started Puma HTTP Server.
[[0;32m  OK  [0m] Started FUSE filesystem for LXC.
[[0;32m  OK  [0m] Started System Logging Service.
[[0;32m  OK  [0m] Started /etc/rc.local Compatibility.
[[0;32m  OK  [0m] Started Login Service.
[[0;32m  OK  [0m] Started Unattended Upgrades Shutdown.
[[0;32m  OK  [0m] Started OpenBSD Secure Shell server.
         Starting Authenticate and Authorize Users to Run Privileged Tasks...
[[0;32m  OK  [0m] Started LSB: MD monitoring daemon.
[[0;32m  OK  [0m] Started LSB: Record successful boot for GRUB.
[[0;32m  OK  [0m] Started Login to default iSCSI targets.
[[0;32m  OK  [0m] Reached target Remote File Systems (Pre).
[[0;32m  OK  [0m] Reached target Remote File Systems.
         Starting LSB: automatic crash report generation...
         Starting LSB: Set the CPU Frequency Scaling governor to "ondemand"...
         Starting LSB: daemon to balance interrupts for SMP systems...
         Starting Permit User Sessions...
[[0;32m  OK  [0m] Started LSB: Set the CPU Frequency Scaling governor to "ondemand".
[[0;32m  OK  [0m] Started LSB: daemon to balance interrupts for SMP systems.
[[0;32m  OK  [0m] Started Permit User Sessions.
         Starting Terminate Plymouth Boot Screen...
         Starting Hold until boot process finishes up...
[[0;32m  OK  [0m] Started LSB: automatic crash report generation.
[[0;32m  OK  [0m] Started Terminate Plymouth Boot Screen.
[[0;32m  OK  [0m] Started Hold until boot process finishes up.
[[0;32m  OK  [0m] Started Authenticate and Authorize Users to Run Privileged Tasks.
[[0;32m  OK  [0m] Started Accounts Service.
[[0;32m  OK  [0m] Started Getty on tty1.
         Starting Set console scheme...
[[0;32m  OK  [0m] Started Serial Getty on ttyS0.
[[0;32m  OK  [0m] Reached target Login Prompts.
[[0;32m  OK  [0m] Started Set console scheme.
[[0;32m  OK  [0m] Started A high performance web server and a reverse proxy server.
[[0;32m  OK  [0m] Started Virtualbox guest utils.
[[0;32m  OK  [0m] Created slice User Slice of vagrant.
         Starting User Manager for UID 1000...
[[0;32m  OK  [0m] Started Session 1 of user vagrant.
[[0;32m  OK  [0m] Started User Manager for UID 1000.
[[0;32m  OK  [0m] Started LXD - container startup/shutdown.
[[0;32m  OK  [0m] Started Snappy daemon.
         Starting Wait until snapd is fully seeded...
[[0;32m  OK  [0m] Started Wait until snapd is fully seeded.
[[0;32m  OK  [0m] Reached target Multi-User System.
[[0;32m  OK  [0m] Reached target Graphical Interface.
         Starting Update UTMP about System Runlevel Changes...
         Starting Apply the settings specified in cloud-config...
[[0;32m  OK  [0m] Started Update UTMP about System Runlevel Changes.
[   21.443215] cloud-init[1442]: Cloud-init v. 19.3-41-gc4735dd3-0ubuntu1~16.04.1 running 'modules:config' at Tue, 28 Jan 2020 18:09:18 +0000. Up 21.28 seconds.
[[0;32m  OK  [0m] Stopped Puma HTTP Server.
[[0;32m  OK  [0m] Started Puma HTTP Server.
[[0;32m  OK  [0m] Started Apply the settings specified in cloud-config.
         Starting Execute cloud user/final scripts...
[[0;32m  OK  [0m] Stopped Puma HTTP Server.
[[0;32m  OK  [0m] Started Puma HTTP Server.
[   22.064840] cloud-init[1466]: Cloud-init v. 19.3-41-gc4735dd3-0ubuntu1~16.04.1 running 'modules:final' at Tue, 28 Jan 2020 18:09:19 +0000. Up 21.90 seconds.
[   22.152399] cloud-init[1466]: Cloud-init v. 19.3-41-gc4735dd3-0ubuntu1~16.04.1 finished at Tue, 28 Jan 2020 18:09:19 +0000. Datasource DataSourceNoCloud [seed=/dev/sdb][dsmode=net].  Up 22.04 seconds
[[0;32m  OK  [0m] Started Execute cloud user/final scripts.
         Starting Daily apt download activities...
[[0;32m  OK  [0m] Reached target Cloud-init target.
[[0;32m  OK  [0m] Stopped Puma HTTP Server.
[[0;32m  OK  [0m] Started Puma HTTP Server.
[[0;32m  OK  [0m] Stopped Puma HTTP Server.
[[0;32m  OK  [0m] Started Puma HTTP Server.
[[0;32m  OK  [0m] Stopped Puma HTTP Server.
[[0;1;31mFAILED[0m] Failed to start Puma HTTP Server.
See 'systemctl status puma.service' for details.

Ubuntu 16.04.6 LTS appserver ttyS0

appserver login: 